20241006	00:52:43	c105f8ac-4494-4617-b326-7ff0738c1744	GET	/	undefined
20241006	08:48:46	c8490848-307c-4a24-8dc6-e0bd01a7308e	GET	/	undefined
20241006	08:52:02	842a8cd7-5ed5-4260-8df3-c75efdb085e6	GET	/	undefined
20241006	08:53:50	bd9b6420-f471-4794-bf35-7dda0ddff960	OPTIONS	/	https://www.google.com
20241006	08:53:50	f3d5d6d6-5889-4df6-8a11-729c2f2266d6	GET	/	https://www.google.com
20241006	08:57:22	f5556cdd-2142-4e8a-b2d6-59091118591f	OPTIONS	/	https://www.google.com
20241006	08:57:22	5f9b2917-ae0a-4862-91a3-a0124d8c8934	GET	/	https://www.google.com
20241006	08:58:10	cced7ef4-fe3a-4d9f-81b6-4ffde43f0914	OPTIONS	/	https://www.google.com
20241006	08:58:10	56fc4ad4-1b75-46a8-a17f-06379b98938b	GET	/	https://www.google.com
20241006	09:00:01	9f3965e0-73b6-4078-b78e-3341a724301a	OPTIONS	/	https://www.google.com
20241006	09:00:01	6cccac05-e9cb-4286-83fa-40e977753436	GET	/	https://www.google.com
20241006	09:07:09	b0e5b24a-326b-4931-b9dd-446a422921e0	GET	/	null
20241006	11:38:06	0322a10c-1e0e-4bd5-aba3-b375042bd2f0	GET	/	undefined
20241006	11:38:39	0bd97140-406f-4351-a196-d6bcb734c143	GET	/users	undefined
20241006	17:05:46	f177c400-d471-4742-b4ab-3fa3ecf55636	GET	/users	undefined
20241006	17:07:35	d1179b29-afb2-419f-abdb-abf6ad5a755b	GET	/users	undefined
20241006	17:10:15	13f79704-3c3d-49ea-b1b5-86ed26644a5e	POST	/users	undefined
20241006	17:12:59	9d288427-efbc-40db-bc0b-6a511df1c36e	GET	/users	undefined
20241006	17:23:13	52cec3b1-dfc1-44b4-834e-f952b307c3bc	PATCH	/users	undefined
20241006	17:24:16	5b37a408-9699-455d-bda3-779c1d26beda	PATCH	/users	undefined
20241006	17:26:00	6c7ab3a2-fbf5-4e99-bf61-8a2831ca3d63	GET	/users	undefined
20241006	17:27:36	5f2121d5-85b8-46bb-870b-ea7343395f36	PATCH	/users	undefined
20241006	17:32:58	9f2d254a-3d54-49c7-9ea5-122ecff59aef	PATCH	/users	undefined
20241006	17:59:45	5d8307b9-09d6-4a91-92a2-505cc5fb3bd7	PATCH	/users	undefined
20241006	18:02:01	a54cf458-ae0f-499d-9655-6dc9d4d04787	GET	/users	undefined
20241006	18:02:03	8f1803cf-c7c2-42f1-a0f1-6dab640a57b1	GET	/favicon.ico	undefined
20241006	18:02:30	16f325bd-98ff-48dd-a7d3-0ea076c430c1	PATCH	/users/6702b6685fecf8c932c495ea	undefined
20241006	18:03:27	198cd1f8-de41-4eae-a89e-050f01ccf35c	PATCH	/users	undefined
20241006	18:04:44	e0fed3fa-a142-4109-bd9b-7470285dcf59	PATCH	/users	undefined
20241006	18:04:52	e29df662-98fc-4b38-9f96-d46aab9b321a	PATCH	/users	undefined
20241006	18:05:16	efb7a5b4-cf23-449d-a578-871f24281665	PATCH	/users	undefined
20241006	18:05:29	7ba68030-60f9-4500-8cf7-11a00b0dc5f7	PATCH	/users	undefined
20241006	18:06:40	c2c4738c-0552-4fa5-bc0e-8e3dc5489ec4	PATCH	/users	undefined
20241006	19:05:27	024a2a6f-acf1-4f4f-b820-2226784c2472	GET	/users	undefined
20241006	19:08:01	de604262-cc0a-4ec2-b5ae-4db993c04334	POST	/users	undefined
20241006	19:09:14	0ac15a78-58bd-4a48-b896-890cb2c65e66	POST	/users	undefined
20241006	19:09:56	0c945181-5615-4b7a-9304-617303676426	POST	/users	undefined
20241006	19:10:12	49e5783e-b276-4b42-9731-876ef39d464d	POST	/users	undefined
20241006	19:11:12	92985e07-a844-43b5-aa38-8a794d9caf30	POST	/users	undefined
20241006	19:11:29	774cc144-2e95-4e9d-8369-82aa4af59af8	POST	/users	undefined
20241006	19:12:06	3f180eec-aff3-4dbe-90e2-c16db35c66d4	POST	/users	undefined
20241006	19:13:40	e6262406-70c2-4cc7-9e2e-059433b7ab2b	GET	/users	undefined
20241006	19:15:08	7664a409-f974-4d7d-a42d-f162f8e04de4	PATCH	/users	undefined
20241006	19:16:26	1de39f94-3375-433b-9bb0-146b77bbe97d	PATCH	/users	undefined
20241006	19:19:52	c341f74b-1b68-453a-9f4a-d3307f7bc5cc	PATCH	/users	undefined
20241006	19:22:13	5cf9175c-8670-4020-8237-1906e44b9d4a	PATCH	/users	undefined
20241006	19:23:51	5727e77d-ca90-4a13-a26f-46d5747b93cc	PATCH	/users	undefined
20241006	19:27:10	e2505c07-099a-411b-b498-7e0d56e9c2ce	PATCH	/users	undefined
20241006	19:34:15	20cb64d1-a059-43af-bd9a-5b3b96f1cdfd	PATCH	/users	undefined
20241006	19:34:30	f83847a8-ab5b-4f9e-bb98-87f4f3a19958	GET	/users	undefined
20241006	19:34:44	9e37d8d9-3363-42d0-8963-57f4a29ea13c	PATCH	/users	undefined
20241006	19:35:06	72c4a541-01c2-4fc6-9174-7713171b1248	PATCH	/users	undefined
20241006	19:35:20	4154cc47-b32d-4abf-b408-d729c42aebf5	PATCH	/users	undefined
20241006	19:38:57	b00fe299-edef-453f-ad9c-5e156b4e5243	PATCH	/users	undefined
20241006	19:40:22	256c0488-4949-43b9-a851-42449582d553	PATCH	/users	undefined
20241006	19:40:51	77de0747-24f4-4828-99e3-a46bd9c838d9	PATCH	/users	undefined
20241006	19:41:03	329546a4-b68a-43b4-9ee5-31095925acda	PATCH	/users	undefined
20241006	19:41:59	1ceff8f4-d9a2-461d-a0ef-8ecebf96bd19	GET	/users	undefined
20241006	19:42:29	57e66214-c06b-40b9-9224-30a9ac7dac68	PATCH	/users	undefined
20241006	19:43:06	bbac6777-1ddc-4571-bf20-1a8bb4320823	GET	/users	undefined
20241006	19:43:38	667eb48f-a8f8-4528-b4d4-c341ecf91ea5	PATCH	/users	undefined
20241006	19:43:46	79f68cc6-d5a6-49de-b31c-3ac58cdafc4e	PATCH	/users	undefined
20241006	19:45:06	c59d68f0-fc6d-4ab5-87d1-c199091fdaed	DELETE	/users	undefined
20241006	19:45:33	9922f071-8963-49ae-a0ab-ba7aaad2c29e	DELETE	/users	undefined
20241006	19:45:48	f9b7a210-a78e-4431-8ff3-e25c3f7981a2	DELETE	/users	undefined
20241006	19:47:39	a1eb8142-98a6-425f-9075-9c4d3d45797d	GET	/users	undefined
20241006	19:48:06	0911a6a8-4f71-41ea-bc89-b4a621b2ac7d	DELETE	/users	undefined
20241006	19:48:15	dea929ce-e0f5-40e8-9bc5-044cb56d7486	DELETE	/users	undefined
20241006	19:50:39	cc5bd95c-e616-4409-9823-db6e95945663	POST	/users	undefined
20241006	19:50:49	c12aa8a6-df09-4c5d-861a-7453bbbf0932	GET	/users	undefined
20241006	19:51:18	93a665cb-d6b5-4f44-98e8-58668849bf6b	DELETE	/users	undefined
20241006	19:51:38	a6e70412-2a97-4fe7-91ce-4941fa572a32	DELETE	/users	undefined
20241006	19:51:50	b71757dc-d1fc-4c76-abd0-e30adda68562	DELETE	/users	undefined
